<?xml version="1.0" encoding="UTF-8"?>
<!-- Generated by org.testng.reporters.JUnitXMLReporter -->
<testsuite ignored="0" hostname="DESKTOP-OL53R8O" failures="0" tests="2" name="Default test" time="0.062" errors="0" timestamp="2022-11-09T13:59:49 IST">
  <testcase classname="com.sgtesting.softassertion.AssertTrueFalseDemo" name="assertFalseDemo" time="0.014"/>
  <testcase classname="com.sgtesting.softassertion.AssertTrueFalseDemo" name="assertTrueDemo" time="0.001"/>
</testsuite> <!-- Default test -->
