<?xml version="1.0" encoding="UTF-8"?>
<testng-results ignored="0" total="2" passed="2" failed="0" skipped="0">
  <reporter-output>
  </reporter-output>
  <suite started-at="2022-11-09T13:59:49 IST" name="Default suite" finished-at="2022-11-09T13:59:49 IST" duration-ms="62">
    <groups>
    </groups>
    <test started-at="2022-11-09T13:59:49 IST" name="Default test" finished-at="2022-11-09T13:59:49 IST" duration-ms="62">
      <class name="com.sgtesting.softassertion.AssertTrueFalseDemo">
        <test-method signature="assertFalseDemo()[pri:0, instance:com.sgtesting.softassertion.AssertTrueFalseDemo@61d6015a]" started-at="2022-11-09T13:59:49 IST" name="assertFalseDemo" finished-at="2022-11-09T13:59:49 IST" duration-ms="14" status="PASS">
          <reporter-output>
          </reporter-output>
        </test-method> <!-- assertFalseDemo -->
        <test-method signature="assertTrueDemo()[pri:0, instance:com.sgtesting.softassertion.AssertTrueFalseDemo@61d6015a]" started-at="2022-11-09T13:59:49 IST" name="assertTrueDemo" finished-at="2022-11-09T13:59:49 IST" duration-ms="1" status="PASS">
          <reporter-output>
          </reporter-output>
        </test-method> <!-- assertTrueDemo -->
      </class> <!-- com.sgtesting.softassertion.AssertTrueFalseDemo -->
    </test> <!-- Default test -->
  </suite> <!-- Default suite -->
</testng-results>
